<?xml version="1.0" encoding="UTF-8"?>
<!-- Generated by org.testng.reporters.JUnitReportReporter -->
<testsuite hostname="DESKTOP-CFSKSBJ" failures="0" tests="5" name="testCases.TC003_LoginDDT" time="35.378" errors="0" timestamp="2024-11-03T01:12:19 IST" skipped="0">
  <testcase classname="testCases.TC003_LoginDDT" name="verify_LoginDDT" time="10.884"/>
  <testcase classname="testCases.TC003_LoginDDT" name="verify_LoginDDT" time="10.886"/>
  <testcase classname="testCases.TC003_LoginDDT" name="verify_LoginDDT" time="1.248"/>
  <testcase classname="testCases.TC003_LoginDDT" name="verify_LoginDDT" time="10.811"/>
  <testcase classname="testCases.TC003_LoginDDT" name="verify_LoginDDT" time="1.549"/>
</testsuite> <!-- testCases.TC003_LoginDDT -->
