<?xml version="1.0" encoding="UTF-8"?>
<!-- Generated by org.testng.reporters.JUnitReportReporter -->
<testsuite hostname="DESKTOP-CFSKSBJ" failures="0" tests="1" name="testCases.TC002_LoginTest" time="1.605" errors="0" timestamp="2024-11-03T01:12:19 IST" skipped="0">
  <testcase classname="testCases.TC002_LoginTest" name="verify_Login" time="1.605"/>
</testsuite> <!-- testCases.TC002_LoginTest -->
