<?xml version="1.0" encoding="UTF-8"?>
<!-- Generated by org.testng.reporters.JUnitReportReporter -->
<testsuite hostname="DESKTOP-CFSKSBJ" failures="0" tests="5" name="testCases.TC003_LoginDDT" time="35.371" errors="0" timestamp="2024-11-03T01:57:07 IST" skipped="0">
  <testcase classname="testCases.TC003_LoginDDT" name="verify_LoginDDT" time="11.014"/>
  <testcase classname="testCases.TC003_LoginDDT" name="verify_LoginDDT" time="1.288"/>
  <testcase classname="testCases.TC003_LoginDDT" name="verify_LoginDDT" time="1.445"/>
  <testcase classname="testCases.TC003_LoginDDT" name="verify_LoginDDT" time="10.836"/>
  <testcase classname="testCases.TC003_LoginDDT" name="verify_LoginDDT" time="10.788"/>
</testsuite> <!-- testCases.TC003_LoginDDT -->
