<?xml version="1.0" encoding="UTF-8"?>
<!-- Generated by org.testng.reporters.JUnitReportReporter -->
<testsuite hostname="DESKTOP-CFSKSBJ" failures="0" tests="1" name="testBase.TC001_AccountRegistrationTest" time="1.592" errors="0" timestamp="2024-11-01T14:49:55 IST" skipped="0">
  <testcase classname="testBase.TC001_AccountRegistrationTest" name="verify_account_registration" time="1.592"/>
</testsuite> <!-- testBase.TC001_AccountRegistrationTest -->
