<?xml version="1.0" encoding="UTF-8"?>
<!-- Generated by org.testng.reporters.JUnitReportReporter -->
<testsuite hostname="DESKTOP-CFSKSBJ" failures="0" tests="1" name="testCases.TC002_LoginTest" time="1.711" errors="0" timestamp="2024-11-03T02:57:34 IST" skipped="0">
  <testcase classname="testCases.TC002_LoginTest" name="verify_Login" time="1.711"/>
</testsuite> <!-- testCases.TC002_LoginTest -->
