<?xml version="1.0" encoding="UTF-8"?>
<!-- Generated by org.testng.reporters.JUnitReportReporter -->
<testsuite hostname="DESKTOP-CFSKSBJ" failures="0" tests="15" name="testCases.TC003_LoginDDT" time="122.364" errors="0" timestamp="2024-11-02T21:18:09 IST" skipped="0">
  <testcase classname="testCases.TC003_LoginDDT" name="verify_LoginDDT" time="2.215"/>
  <testcase classname="testCases.TC003_LoginDDT" name="verify_LoginDDT" time="11.348"/>
  <testcase classname="testCases.TC003_LoginDDT" name="verify_LoginDDT" time="11.783"/>
  <testcase classname="testCases.TC003_LoginDDT" name="verify_LoginDDT" time="11.789"/>
  <testcase classname="testCases.TC003_LoginDDT" name="verify_LoginDDT" time="1.564"/>
  <testcase classname="testCases.TC003_LoginDDT" name="verify_LoginDDT" time="1.306"/>
  <testcase classname="testCases.TC003_LoginDDT" name="verify_LoginDDT" time="11.713"/>
  <testcase classname="testCases.TC003_LoginDDT" name="verify_LoginDDT" time="5.783"/>
  <testcase classname="testCases.TC003_LoginDDT" name="verify_LoginDDT" time="4.903"/>
  <testcase classname="testCases.TC003_LoginDDT" name="verify_LoginDDT" time="2.141"/>
  <testcase classname="testCases.TC003_LoginDDT" name="verify_LoginDDT" time="11.716"/>
  <testcase classname="testCases.TC003_LoginDDT" name="verify_LoginDDT" time="11.788"/>
  <testcase classname="testCases.TC003_LoginDDT" name="verify_LoginDDT" time="11.829"/>
  <testcase classname="testCases.TC003_LoginDDT" name="verify_LoginDDT" time="10.999"/>
  <testcase classname="testCases.TC003_LoginDDT" name="verify_LoginDDT" time="11.487"/>
</testsuite> <!-- testCases.TC003_LoginDDT -->
