<?xml version="1.0" encoding="UTF-8"?>
<!-- Generated by org.testng.reporters.JUnitReportReporter -->
<testsuite hostname="DESKTOP-CFSKSBJ" failures="0" tests="5" name="testCases.TC003_LoginDDT" time="36.405" errors="0" timestamp="2024-11-03T02:57:34 IST" skipped="0">
  <testcase classname="testCases.TC003_LoginDDT" name="verify_LoginDDT" time="11.166"/>
  <testcase classname="testCases.TC003_LoginDDT" name="verify_LoginDDT" time="1.437"/>
  <testcase classname="testCases.TC003_LoginDDT" name="verify_LoginDDT" time="10.904"/>
  <testcase classname="testCases.TC003_LoginDDT" name="verify_LoginDDT" time="11.169"/>
  <testcase classname="testCases.TC003_LoginDDT" name="verify_LoginDDT" time="1.729"/>
</testsuite> <!-- testCases.TC003_LoginDDT -->
