<?xml version="1.0" encoding="UTF-8"?>
<!-- Generated by org.testng.reporters.JUnitReportReporter -->
<testsuite hostname="DESKTOP-CFSKSBJ" failures="0" tests="3" name="testCases.TC001_AccountRegistrationTest" time="22.199" errors="0" timestamp="2024-11-01T18:56:40 IST" skipped="0">
  <testcase classname="testCases.TC001_AccountRegistrationTest" name="verify_account_registration" time="2.805"/>
  <testcase classname="testCases.TC001_AccountRegistrationTest" name="verify_account_registration" time="10.176"/>
  <testcase classname="testCases.TC001_AccountRegistrationTest" name="verify_account_registration" time="9.218"/>
</testsuite> <!-- testCases.TC001_AccountRegistrationTest -->
