<?xml version="1.0" encoding="UTF-8"?>
<!-- Generated by org.testng.reporters.JUnitReportReporter -->
<testsuite hostname="DESKTOP-CFSKSBJ" failures="0" tests="3" name="testCases.TC002_LoginTest" time="7.453" errors="0" timestamp="2024-11-02T21:18:09 IST" skipped="0">
  <testcase classname="testCases.TC002_LoginTest" name="verify_Login" time="2.817"/>
  <testcase classname="testCases.TC002_LoginTest" name="verify_Login" time="2.405"/>
  <testcase classname="testCases.TC002_LoginTest" name="verify_Login" time="2.231"/>
</testsuite> <!-- testCases.TC002_LoginTest -->
