<?xml version="1.0" encoding="UTF-8"?>
<!-- Generated by org.testng.reporters.JUnitReportReporter -->
<testsuite hostname="DESKTOP-CFSKSBJ" failures="0" tests="15" name="testCases.TC003_LoginDDT" time="121.382" errors="0" timestamp="2024-11-02T21:19:53 IST" skipped="0">
  <testcase classname="testCases.TC003_LoginDDT" name="verify_LoginDDT" time="3.825"/>
  <testcase classname="testCases.TC003_LoginDDT" name="verify_LoginDDT" time="2.229"/>
  <testcase classname="testCases.TC003_LoginDDT" name="verify_LoginDDT" time="11.712"/>
  <testcase classname="testCases.TC003_LoginDDT" name="verify_LoginDDT" time="11.004"/>
  <testcase classname="testCases.TC003_LoginDDT" name="verify_LoginDDT" time="11.946"/>
  <testcase classname="testCases.TC003_LoginDDT" name="verify_LoginDDT" time="2.221"/>
  <testcase classname="testCases.TC003_LoginDDT" name="verify_LoginDDT" time="2.111"/>
  <testcase classname="testCases.TC003_LoginDDT" name="verify_LoginDDT" time="12.177"/>
  <testcase classname="testCases.TC003_LoginDDT" name="verify_LoginDDT" time="12.272"/>
  <testcase classname="testCases.TC003_LoginDDT" name="verify_LoginDDT" time="11.109"/>
  <testcase classname="testCases.TC003_LoginDDT" name="verify_LoginDDT" time="5.146"/>
  <testcase classname="testCases.TC003_LoginDDT" name="verify_LoginDDT" time="11.207"/>
  <testcase classname="testCases.TC003_LoginDDT" name="verify_LoginDDT" time="1.231"/>
  <testcase classname="testCases.TC003_LoginDDT" name="verify_LoginDDT" time="12.157"/>
  <testcase classname="testCases.TC003_LoginDDT" name="verify_LoginDDT" time="11.035"/>
</testsuite> <!-- testCases.TC003_LoginDDT -->
