<?xml version="1.0" encoding="UTF-8"?>
<!-- Generated by org.testng.reporters.JUnitReportReporter -->
<testsuite hostname="DESKTOP-CFSKSBJ" failures="0" tests="3" name="testCases.TC002_LoginTest" time="6.916" errors="0" timestamp="2024-11-02T21:19:53 IST" skipped="0">
  <testcase classname="testCases.TC002_LoginTest" name="verify_Login" time="2.181"/>
  <testcase classname="testCases.TC002_LoginTest" name="verify_Login" time="2.274"/>
  <testcase classname="testCases.TC002_LoginTest" name="verify_Login" time="2.461"/>
</testsuite> <!-- testCases.TC002_LoginTest -->
