<?xml version="1.0" encoding="UTF-8"?>
<!-- Generated by org.testng.reporters.JUnitReportReporter -->
<testsuite hostname="DESKTOP-CFSKSBJ" failures="0" tests="3" name="testCases.TC002_LoginTest" time="6.737" errors="0" timestamp="2024-11-02T19:31:58 IST" skipped="0">
  <testcase classname="testCases.TC002_LoginTest" name="verify_Login_" time="2.517"/>
  <testcase classname="testCases.TC002_LoginTest" name="verify_Login_" time="3.046"/>
  <testcase classname="testCases.TC002_LoginTest" name="verify_Login_" time="1.174"/>
</testsuite> <!-- testCases.TC002_LoginTest -->
