<?xml version="1.0" encoding="UTF-8"?>
<!-- Generated by org.testng.reporters.JUnitReportReporter -->
<testsuite hostname="DESKTOP-CFSKSBJ" failures="0" tests="3" name="testCases.TC001_AccountRegistrationTest" time="14.445" errors="0" timestamp="2024-11-02T19:31:58 IST" skipped="0">
  <testcase classname="testCases.TC001_AccountRegistrationTest" name="verify_account_registration" time="2.532"/>
  <testcase classname="testCases.TC001_AccountRegistrationTest" name="verify_account_registration" time="6.064"/>
  <testcase classname="testCases.TC001_AccountRegistrationTest" name="verify_account_registration" time="5.849"/>
</testsuite> <!-- testCases.TC001_AccountRegistrationTest -->
